<?xml version="1.0" encoding="UTF-8"?>
<!-- Generated by org.testng.reporters.JUnitReportReporter -->
<testsuite skipped="0" hostname="Lee.local" name="com.maycur.thirdapitest.steps.CtripStepDef" tests="1" failures="0" timestamp="27 May 2019 09:30:34 GMT" time="4.811" errors="0">
  <testcase name="saveRuleSetting" time="4.811" classname="com.maycur.thirdapitest.steps.CtripStepDef"/>
</testsuite> <!-- com.maycur.thirdapitest.steps.CtripStepDef -->
