<?xml version="1.0" encoding="UTF-8"?>
<!-- Generated by org.testng.reporters.JUnitReportReporter -->
<testsuite skipped="0" hostname="Lee.local" name="com.maycur.thirdapitest.steps.auth.AuthStepDef" tests="1" failures="0" timestamp="07 May 2019 05:49:31 GMT" time="5.433" errors="0">
  <testcase name="updateExtendProperty" time="5.433" classname="com.maycur.thirdapitest.steps.auth.AuthStepDef"/>
</testsuite> <!-- com.maycur.thirdapitest.steps.authctripStepDef -->
